app/build/intermediates/manifest_merge_blame_file/debug/manifest-merger-blame-debug-report.txt
1<?xml version="1.0" encoding="utf-8"?>
2<manifest xmlns:android="http://schemas.android.com/apk/res/android"
3    package="com.example.quizora"
4    android:versionCode="1"
5    android:versionName="1.0" >
6
7    <uses-sdk
8        android:minSdkVersion="24"
9        android:targetSdkVersion="34" />
10
11    <application
11-->src\main\AndroidManifest.xml:5:5-39:19
12        android:allowBackup="true"
12-->src\main\AndroidManifest.xml:6:9-35
13        android:debuggable="true"
14        android:extractNativeLibs="false"
15        android:label="@string/app_name"
15-->src\main\AndroidManifest.xml:7:9-41
16        android:supportsRtl="true"
16-->src\main\AndroidManifest.xml:8:9-35
17        android:testOnly="true"
18        android:theme="@android:style/Theme.Material.Light.NoActionBar" >
18-->src\main\AndroidManifest.xml:9:9-72
19        <activity
19-->src\main\AndroidManifest.xml:11:9-18:20
20            android:name="com.example.quizora.MainActivity"
20-->src\main\AndroidManifest.xml:12:13-41
21            android:exported="true" >
21-->src\main\AndroidManifest.xml:13:13-36
22            <intent-filter>
22-->src\main\AndroidManifest.xml:14:13-17:29
23                <action android:name="android.intent.action.MAIN" />
23-->src\main\AndroidManifest.xml:15:17-69
23-->src\main\AndroidManifest.xml:15:25-66
24
25                <category android:name="android.intent.category.LAUNCHER" />
25-->src\main\AndroidManifest.xml:16:17-77
25-->src\main\AndroidManifest.xml:16:27-74
26            </intent-filter>
27        </activity>
28        <activity
28-->src\main\AndroidManifest.xml:20:9-22:40
29            android:name="com.example.quizora.RoleSelectionActivity"
29-->src\main\AndroidManifest.xml:21:13-50
30            android:exported="false" />
30-->src\main\AndroidManifest.xml:22:13-37
31
32        <!-- FIXED HERE -->
33        <activity
33-->src\main\AndroidManifest.xml:25:9-27:40
34            android:name="com.example.quizora.TeacherConfigActivity"
34-->src\main\AndroidManifest.xml:26:13-50
35            android:exported="false" />
35-->src\main\AndroidManifest.xml:27:13-37
36        <activity
36-->src\main\AndroidManifest.xml:29:9-31:40
37            android:name="com.example.quizora.AddQuestionActivity"
37-->src\main\AndroidManifest.xml:30:13-48
38            android:exported="false" />
38-->src\main\AndroidManifest.xml:31:13-37
39        <activity
39-->src\main\AndroidManifest.xml:33:9-35:40
40            android:name="com.example.quizora.StudentQuizActivity"
40-->src\main\AndroidManifest.xml:34:13-48
41            android:exported="false" />
41-->src\main\AndroidManifest.xml:35:13-37
42        <activity
42-->src\main\AndroidManifest.xml:36:9-38:40
43            android:name="com.example.quizora.ResultActivity"
43-->src\main\AndroidManifest.xml:37:13-43
44            android:exported="false" />
44-->src\main\AndroidManifest.xml:38:13-37
45    </application>
46
47</manifest>